e:\vs\keyloger\consoleapplication2\x64\release\vc143.pdb
e:\vs\keyloger\consoleapplication2\x64\release\oldnewvalstructclass.obj
e:\vs\keyloger\consoleapplication2\x64\release\selectfiledlgclass.obj
e:\vs\keyloger\consoleapplication2\x64\release\selectfileclass.obj
e:\vs\keyloger\consoleapplication2\x64\release\searchfileclass.obj
e:\vs\keyloger\consoleapplication2\x64\release\openmydocsclass.obj
e:\vs\keyloger\consoleapplication2\x64\release\keyboardlayoutclass.obj
e:\vs\keyloger\consoleapplication2\x64\release\anyautologon.obj
e:\vs\keyloger\consoleapplication2\x64\release\checkemptyfileclass.obj
e:\vs\keyloger\x64\release\anyautologon.exe
e:\vs\keyloger\x64\release\anyautologon.pdb
e:\vs\keyloger\consoleapplication2\x64\release\anyautologon.iobj
e:\vs\keyloger\consoleapplication2\x64\release\anyautologon.ipdb
e:\vs\keyloger\consoleapplication2\x64\release\anyautologon.tlog\cl.command.1.tlog
e:\vs\keyloger\consoleapplication2\x64\release\anyautologon.tlog\cl.items.tlog
e:\vs\keyloger\consoleapplication2\x64\release\anyautologon.tlog\cl.read.1.tlog
e:\vs\keyloger\consoleapplication2\x64\release\anyautologon.tlog\cl.write.1.tlog
e:\vs\keyloger\consoleapplication2\x64\release\anyautologon.tlog\link.command.1.tlog
e:\vs\keyloger\consoleapplication2\x64\release\anyautologon.tlog\link.read.1.tlog
e:\vs\keyloger\consoleapplication2\x64\release\anyautologon.tlog\link.write.1.tlog
