e:\vs\keyloger\consoleapplication2\x64\debug\vc143.pdb
e:\vs\keyloger\consoleapplication2\x64\debug\vc143.idb
e:\vs\keyloger\consoleapplication2\x64\debug\oldnewvalstructclass.obj
e:\vs\keyloger\consoleapplication2\x64\debug\selectfiledlgclass.obj
e:\vs\keyloger\consoleapplication2\x64\debug\selectfileclass.obj
e:\vs\keyloger\consoleapplication2\x64\debug\searchfileclass.obj
e:\vs\keyloger\consoleapplication2\x64\debug\openmydocsclass.obj
e:\vs\keyloger\consoleapplication2\x64\debug\keyboardlayoutclass.obj
e:\vs\keyloger\consoleapplication2\x64\debug\anyautologon.obj
e:\vs\keyloger\consoleapplication2\x64\debug\checkemptyfileclass.obj
e:\vs\keyloger\consoleapplication2\x64\debug\anyautologon.ilk
e:\vs\keyloger\x64\debug\anyautologon.exe
e:\vs\keyloger\x64\debug\anyautologon.pdb
e:\vs\anyautologon\consoleapplication2\x64\debug\anyautologon.obj
e:\vs\anyautologon\consoleapplication2\x64\debug\checkemptyfileclass.obj
e:\vs\anyautologon\consoleapplication2\x64\debug\keyboardlayoutclass.obj
e:\vs\anyautologon\consoleapplication2\x64\debug\oldnewvalstructclass.obj
e:\vs\anyautologon\consoleapplication2\x64\debug\openmydocsclass.obj
e:\vs\anyautologon\consoleapplication2\x64\debug\searchfileclass.obj
e:\vs\anyautologon\consoleapplication2\x64\debug\selectfileclass.obj
e:\vs\anyautologon\consoleapplication2\x64\debug\selectfiledlgclass.obj
e:\vs\anyautologon\consoleapplication2\x64\debug\anyautologon.ilk
e:\vs\anyautologon\consoleapplication2\x64\debug\vc143.idb
e:\vs\anyautologon\consoleapplication2\x64\debug\vc143.pdb
e:\vs\anyautologon\x64\debug\anyautologon.pdb
e:\vs\anyautologon\x64\debug\anyautologon.exe
e:\vs\anyautologon\consoleapplication2\x64\debug\anyautologon.tlog\cl.command.1.tlog
e:\vs\anyautologon\consoleapplication2\x64\debug\anyautologon.tlog\cl.items.tlog
e:\vs\anyautologon\consoleapplication2\x64\debug\anyautologon.tlog\cl.read.1.tlog
e:\vs\anyautologon\consoleapplication2\x64\debug\anyautologon.tlog\cl.write.1.tlog
e:\vs\anyautologon\consoleapplication2\x64\debug\anyautologon.tlog\link.command.1.tlog
e:\vs\anyautologon\consoleapplication2\x64\debug\anyautologon.tlog\link.read.1.tlog
e:\vs\anyautologon\consoleapplication2\x64\debug\anyautologon.tlog\link.write.1.tlog
