e:\vs\keyloger\consoleapplication2\x64\debug\vc143.pdb
e:\vs\keyloger\consoleapplication2\x64\debug\vc143.idb
e:\vs\keyloger\consoleapplication2\x64\debug\oldvalstructclass.obj
e:\vs\keyloger\consoleapplication2\x64\debug\selectfileclass.obj
e:\vs\keyloger\consoleapplication2\x64\debug\searchfileclass.obj
e:\vs\keyloger\consoleapplication2\x64\debug\openmydocsclass.obj
e:\vs\keyloger\consoleapplication2\x64\debug\keyboardlayoutclass.obj
e:\vs\keyloger\consoleapplication2\x64\debug\consoleapplication2.obj
e:\vs\keyloger\consoleapplication2\x64\debug\checkemptyfileclass.obj
e:\vs\keyloger\consoleapplication2\x64\debug\selectfiledlgclass.obj
e:\vs\keyloger\x64\debug\keyloger.exe
e:\vs\keyloger\consoleapplication2\x64\debug\keyloger.ilk
e:\vs\keyloger\x64\debug\keyloger.pdb
e:\vs\keyloger\consoleapplication2\x64\debug\keyloger.tlog\cl.command.1.tlog
e:\vs\keyloger\consoleapplication2\x64\debug\keyloger.tlog\cl.items.tlog
e:\vs\keyloger\consoleapplication2\x64\debug\keyloger.tlog\cl.read.1.tlog
e:\vs\keyloger\consoleapplication2\x64\debug\keyloger.tlog\cl.write.1.tlog
e:\vs\keyloger\consoleapplication2\x64\debug\keyloger.tlog\link.command.1.tlog
e:\vs\keyloger\consoleapplication2\x64\debug\keyloger.tlog\link.read.1.tlog
e:\vs\keyloger\consoleapplication2\x64\debug\keyloger.tlog\link.write.1.tlog
